<?xml version="1.0" encoding="utf-8"?><testsuites name="pytest tests"><testsuite name="pytest" errors="0" failures="0" skipped="0" tests="23" time="1.410" timestamp="2026-02-04T17:02:14.888824+00:00" hostname="agent-env-013411e7-c5e7-4a20-bcb6-ff87c8e0bc9c"><testcase classname="backend.tests.test_webbook_api.TestHealthAndPublicEndpoints" name="test_api_root" time="0.118" /><testcase classname="backend.tests.test_webbook_api.TestHealthAndPublicEndpoints" name="test_badges_endpoint" time="0.037" /><testcase classname="backend.tests.test_webbook_api.TestAuthEndpoints" name="test_auth_me_without_token" time="0.081" /><testcase classname="backend.tests.test_webbook_api.TestAuthEndpoints" name="test_auth_session_without_session_id" time="0.044" /><testcase classname="backend.tests.test_webbook_api.TestAuthEndpoints" name="test_auth_session_with_invalid_session_id" time="0.220" /><testcase classname="backend.tests.test_webbook_api.TestAuthEndpoints" name="test_auth_logout_without_session" time="0.037" /><testcase classname="backend.tests.test_webbook_api.TestProjectEndpointsAuth" name="test_get_projects_requires_auth" time="0.040" /><testcase classname="backend.tests.test_webbook_api.TestProjectEndpointsAuth" name="test_create_project_requires_auth" time="0.042" /><testcase classname="backend.tests.test_webbook_api.TestProjectEndpointsAuth" name="test_get_single_project_requires_auth" time="0.040" /><testcase classname="backend.tests.test_webbook_api.TestProjectEndpointsAuth" name="test_update_project_requires_auth" time="0.034" /><testcase classname="backend.tests.test_webbook_api.TestProjectEndpointsAuth" name="test_delete_project_requires_auth" time="0.041" /><testcase classname="backend.tests.test_webbook_api.TestChapterEndpointsAuth" name="test_get_chapters_requires_auth" time="0.037" /><testcase classname="backend.tests.test_webbook_api.TestChapterEndpointsAuth" name="test_create_chapter_requires_auth" time="0.077" /><testcase classname="backend.tests.test_webbook_api.TestChapterEndpointsAuth" name="test_update_chapter_requires_auth" time="0.036" /><testcase classname="backend.tests.test_webbook_api.TestChapterEndpointsAuth" name="test_delete_chapter_requires_auth" time="0.037" /><testcase classname="backend.tests.test_webbook_api.TestPaymentEndpointsAuth" name="test_create_checkout_requires_auth" time="0.043" /><testcase classname="backend.tests.test_webbook_api.TestPaymentEndpointsAuth" name="test_get_payment_status_requires_auth" time="0.041" /><testcase classname="backend.tests.test_webbook_api.TestExportEndpointsAuth" name="test_export_webbook_requires_auth" time="0.036" /><testcase classname="backend.tests.test_webbook_api.TestProgressEndpointsAuth" name="test_get_progress_requires_auth" time="0.039" /><testcase classname="backend.tests.test_webbook_api.TestProgressEndpointsAuth" name="test_complete_chapter_requires_auth" time="0.041" /><testcase classname="backend.tests.test_webbook_api.TestProgressEndpointsAuth" name="test_toggle_bookmark_requires_auth" time="0.036" /><testcase classname="backend.tests.test_webbook_api.TestQuizEndpoints" name="test_get_quiz_public" time="0.046" /><testcase classname="backend.tests.test_webbook_api.TestStripeWebhook" name="test_stripe_webhook_accepts_post" time="0.038" /></testsuite></testsuites>